  FMPluginLicence.cpp
  Unknown compiler version - please run the configure tests and report the results
  LBFMPluginClearRequest.cpp
  Unknown compiler version - please run the configure tests and report the results
  LBFMPluginGetAllProperties.cpp
  Unknown compiler version - please run the configure tests and report the results
  LBFMPluginGetProperty.cpp
  Unknown compiler version - please run the configure tests and report the results
  LBFMPluginGetRecordCount.cpp
  Unknown compiler version - please run the configure tests and report the results
  LBFMPluginGetRecordVarNames.cpp
  Unknown compiler version - please run the configure tests and report the results
  LBFMPluginHandler.cpp
  Unknown compiler version - please run the configure tests and report the results
  LBFMPluginSendRequest.cpp
  Unknown compiler version - please run the configure tests and report the results
  LBFMPluginSetComplexProperty.cpp
  Unknown compiler version - please run the configure tests and report the results
  LBFMPluginSetMethod.cpp
  Unknown compiler version - please run the configure tests and report the results
  LBFMPluginSetModule.cpp
  Unknown compiler version - please run the configure tests and report the results
  LBFMPluginSetProperty.cpp
  Unknown compiler version - please run the configure tests and report the results
  Generating Code...
  FMPluginHandlers.cpp
  FMPluginVersion.cpp
  Unknown compiler version - please run the configure tests and report the results
..\..\Sources\FMPluginVersion.cpp(119): warning C4996: 'sprintf': This function or variable may be unsafe. Consider using sprintf_s instead. To disable deprecation, use _CRT_SECURE_NO_WARNINGS. See online help for details.
  C:\Program Files (x86)\Windows Kits\10\Include\10.0.10240.0\ucrt\stdio.h(1769): note: see declaration of 'sprintf'
  FMTemplate.cpp
  FMUtils.cpp
  FMPluginDllEntryPoint.cpp
     Creating library Y:\projects\C++\sync2api_fm_plugin\Projects\VisualStudio 2010\..\..\Temp\Release\FMPlugin.lib and object Y:\projects\C++\sync2api_fm_plugin\Projects\VisualStudio 2010\..\..\Temp\Release\FMPlugin.exp
  PlugInTemplate.vcxproj -> Y:\projects\C++\sync2api_fm_plugin\Projects\VisualStudio 2010\..\..\Output\x64\Sync2API.fmx64
