y:\projects\c++\sync2api_fm_plugin\temp\release\lbfmplugingetallproperties.obj
y:\projects\c++\sync2api_fm_plugin\temp\release\lbfmpluginclearrequest.obj
y:\projects\c++\sync2api_fm_plugin\temp\release\fmpluginlicence.obj
y:\projects\c++\sync2api_fm_plugin\temp\release\lbfmpluginsetproperty.obj
y:\projects\c++\sync2api_fm_plugin\temp\release\lbfmpluginsetmodule.obj
y:\projects\c++\sync2api_fm_plugin\temp\release\lbfmpluginsetmethod.obj
y:\projects\c++\sync2api_fm_plugin\temp\release\lbfmpluginsetcomplexproperty.obj
y:\projects\c++\sync2api_fm_plugin\temp\release\lbfmpluginsendrequest.obj
y:\projects\c++\sync2api_fm_plugin\temp\release\lbfmpluginhandler.obj
y:\projects\c++\sync2api_fm_plugin\temp\release\lbfmplugingetrecordvarnames.obj
y:\projects\c++\sync2api_fm_plugin\temp\release\lbfmplugingetrecordcount.obj
y:\projects\c++\sync2api_fm_plugin\temp\release\lbfmplugingetproperty.obj
y:\projects\c++\sync2api_fm_plugin\temp\release\fmpluginhandlers1.obj
y:\projects\c++\sync2api_fm_plugin\temp\release\fmpluginversion1.obj
y:\projects\c++\sync2api_fm_plugin\temp\release\fmtemplate1.obj
y:\projects\c++\sync2api_fm_plugin\temp\release\fmutils1.obj
y:\projects\c++\sync2api_fm_plugin\temp\release\fmplugindllentrypoint1.obj
y:\projects\c++\sync2api_fm_plugin\temp\release\fmplugin.lib
y:\projects\c++\sync2api_fm_plugin\temp\release\fmplugin.exp
y:\projects\c++\sync2api_fm_plugin\output\x64\sync2api.fmx64
y:\projects\c++\sync2api_fm_plugin\temp\release\fmtemplate.res
y:\projects\c++\sync2api_fm_plugin\temp\release\fmplugin.res
y:\projects\c++\sync2api_fm_plugin\projects\visualstudio 2010\..\..\output\x64\sync2api.fmx64
y:\projects\c++\sync2api_fm_plugin\temp\release\fmplugin.tlog\cl.command.1.tlog
y:\projects\c++\sync2api_fm_plugin\temp\release\fmplugin.tlog\cl.read.1.tlog
y:\projects\c++\sync2api_fm_plugin\temp\release\fmplugin.tlog\cl.write.1.tlog
y:\projects\c++\sync2api_fm_plugin\temp\release\fmplugin.tlog\fmplugin.write.1u.tlog
y:\projects\c++\sync2api_fm_plugin\temp\release\fmplugin.tlog\link.command.1.tlog
y:\projects\c++\sync2api_fm_plugin\temp\release\fmplugin.tlog\link.read.1.tlog
y:\projects\c++\sync2api_fm_plugin\temp\release\fmplugin.tlog\link.write.1.tlog
y:\projects\c++\sync2api_fm_plugin\temp\release\fmplugin.tlog\rc.command.1.tlog
y:\projects\c++\sync2api_fm_plugin\temp\release\fmplugin.tlog\rc.read.1.tlog
y:\projects\c++\sync2api_fm_plugin\temp\release\fmplugin.tlog\rc.write.1.tlog
