Build started 12/10/2015 4:54:27 PM.
     1>Project "Z:\projects\Sync2API_FM_Plugin\Sync2API\Projects\VisualStudio 2010\PlugInTemplate.vcxproj" on node 2 (Build target(s)).
     1>Lib:
         C:\Program Files (x86)\Microsoft Visual Studio 14.0\VC\bin\x86_amd64\Lib.exe /OUT:"Z:\projects\Sync2API_FM_Plugin\Sync2API\Projects\VisualStudio 2010\..\..\Output\x64\Sync2API.fmx64" /NOLOGO /MACHINE:X64 "Z:\projects\Sync2API_FM_Plugin\Sync2API\Projects\VisualStudio 2010\..\..\Temp\Debug\FMTemplate.res"
         "Z:\projects\Sync2API_FM_Plugin\Sync2API\Projects\VisualStudio 2010\..\..\Temp\Debug\FMPluginLicence.obj"
         "Z:\projects\Sync2API_FM_Plugin\Sync2API\Projects\VisualStudio 2010\..\..\Temp\Debug\LBFMPluginClearRequest.obj"
         "Z:\projects\Sync2API_FM_Plugin\Sync2API\Projects\VisualStudio 2010\..\..\Temp\Debug\LBFMPluginGetAllProperties.obj"
         "Z:\projects\Sync2API_FM_Plugin\Sync2API\Projects\VisualStudio 2010\..\..\Temp\Debug\LBFMPluginGetProperty.obj"
         "Z:\projects\Sync2API_FM_Plugin\Sync2API\Projects\VisualStudio 2010\..\..\Temp\Debug\LBFMPluginGetRecordCount.obj"
         "Z:\projects\Sync2API_FM_Plugin\Sync2API\Projects\VisualStudio 2010\..\..\Temp\Debug\LBFMPluginGetRecordVarNames.obj"
         "Z:\projects\Sync2API_FM_Plugin\Sync2API\Projects\VisualStudio 2010\..\..\Temp\Debug\LBFMPluginHandler.obj"
         "Z:\projects\Sync2API_FM_Plugin\Sync2API\Projects\VisualStudio 2010\..\..\Temp\Debug\LBFMPluginSendRequest.obj"
         "Z:\projects\Sync2API_FM_Plugin\Sync2API\Projects\VisualStudio 2010\..\..\Temp\Debug\LBFMPluginSetComplexProperty.obj"
         "Z:\projects\Sync2API_FM_Plugin\Sync2API\Projects\VisualStudio 2010\..\..\Temp\Debug\LBFMPluginSetMethod.obj"
         "Z:\projects\Sync2API_FM_Plugin\Sync2API\Projects\VisualStudio 2010\..\..\Temp\Debug\LBFMPluginSetModule.obj"
         "Z:\projects\Sync2API_FM_Plugin\Sync2API\Projects\VisualStudio 2010\..\..\Temp\Debug\LBFMPluginSetProperty.obj"
         "Z:\projects\Sync2API_FM_Plugin\Sync2API\Projects\VisualStudio 2010\..\..\Temp\Debug\LBFMPluginTwitterDelete.obj"
         "Z:\projects\Sync2API_FM_Plugin\Sync2API\Projects\VisualStudio 2010\..\..\Temp\Debug\LBFMPluginTwitterGetRow.obj"
         "Z:\projects\Sync2API_FM_Plugin\Sync2API\Projects\VisualStudio 2010\..\..\Temp\Debug\LBFMPluginTwitterPost.obj"
         "Z:\projects\Sync2API_FM_Plugin\Sync2API\Projects\VisualStudio 2010\..\..\Temp\Debug\LBFMPluginTwitterSetRowCount.obj"
         "Z:\projects\Sync2API_FM_Plugin\Sync2API\Projects\VisualStudio 2010\..\..\Temp\Debug\FMPluginHandlers1.obj"
         "Z:\projects\Sync2API_FM_Plugin\Sync2API\Projects\VisualStudio 2010\..\..\Temp\Debug\FMPluginVersion1.obj"
         "Z:\projects\Sync2API_FM_Plugin\Sync2API\Projects\VisualStudio 2010\..\..\Temp\Debug\FMTemplate1.obj"
         "Z:\projects\Sync2API_FM_Plugin\Sync2API\Projects\VisualStudio 2010\..\..\Temp\Debug\FMUtils1.obj"
         "Z:\projects\Sync2API_FM_Plugin\Sync2API\Projects\VisualStudio 2010\..\..\Temp\Debug\FMPluginDllEntryPoint1.obj"
         PlugInTemplate.vcxproj -> Z:\projects\Sync2API_FM_Plugin\Sync2API\Projects\VisualStudio 2010\..\..\Output\x64\Sync2API.fmx64
     1>Done Building Project "Z:\projects\Sync2API_FM_Plugin\Sync2API\Projects\VisualStudio 2010\PlugInTemplate.vcxproj" (Build target(s)).

Build succeeded.

Time Elapsed 00:00:02.23
