y:\projects\c++\sync2api_fm_plugin\temp\debug\vc140.pdb
y:\projects\c++\sync2api_fm_plugin\temp\debug\lbfmpluginsetproperty.obj
y:\projects\c++\sync2api_fm_plugin\temp\debug\lbfmpluginsetmodule.obj
y:\projects\c++\sync2api_fm_plugin\temp\debug\lbfmpluginsetmethod.obj
y:\projects\c++\sync2api_fm_plugin\temp\debug\lbfmpluginsetcomplexproperty.obj
y:\projects\c++\sync2api_fm_plugin\temp\debug\lbfmpluginsendrequest.obj
y:\projects\c++\sync2api_fm_plugin\temp\debug\lbfmpluginhandler.obj
y:\projects\c++\sync2api_fm_plugin\temp\debug\lbfmplugingetrecordvarnames.obj
y:\projects\c++\sync2api_fm_plugin\temp\debug\lbfmplugingetrecordcount.obj
y:\projects\c++\sync2api_fm_plugin\temp\debug\lbfmplugingetproperty.obj
y:\projects\c++\sync2api_fm_plugin\temp\debug\lbfmplugingetallproperties.obj
y:\projects\c++\sync2api_fm_plugin\temp\debug\lbfmpluginclearrequest.obj
y:\projects\c++\sync2api_fm_plugin\temp\debug\fmpluginlicence.obj
y:\projects\c++\sync2api_fm_plugin\temp\debug\vc140.idb
y:\projects\c++\sync2api_fm_plugin\temp\debug\fmpluginhandlers1.obj
y:\projects\c++\sync2api_fm_plugin\temp\debug\fmpluginversion1.obj
y:\projects\c++\sync2api_fm_plugin\temp\debug\fmtemplate1.obj
y:\projects\c++\sync2api_fm_plugin\temp\debug\fmutils1.obj
y:\projects\c++\sync2api_fm_plugin\temp\debug\fmplugindllentrypoint1.obj
y:\projects\c++\sync2api_fm_plugin\temp\debug\fmtemplate.res
y:\projects\c++\sync2api_fm_plugin\temp\debug\fmplugindebug.exp
y:\projects\c++\sync2api_fm_plugin\temp\debug\fmplugindebug.pdb
y:\projects\c++\sync2api_fm_plugin\temp\debug\fmplugin.tlog\cl.command.1.tlog
y:\projects\c++\sync2api_fm_plugin\temp\debug\fmplugin.tlog\cl.read.1.tlog
y:\projects\c++\sync2api_fm_plugin\temp\debug\fmplugin.tlog\cl.write.1.tlog
y:\projects\c++\sync2api_fm_plugin\temp\debug\fmplugin.tlog\link-cvtres.read.1.tlog
y:\projects\c++\sync2api_fm_plugin\temp\debug\fmplugin.tlog\link-cvtres.write.1.tlog
y:\projects\c++\sync2api_fm_plugin\temp\debug\fmplugin.tlog\link-rc.read.1.tlog
y:\projects\c++\sync2api_fm_plugin\temp\debug\fmplugin.tlog\link-rc.write.1.tlog
y:\projects\c++\sync2api_fm_plugin\temp\debug\fmplugin.tlog\link.command.1.tlog
y:\projects\c++\sync2api_fm_plugin\temp\debug\fmplugin.tlog\link.read.1.tlog
y:\projects\c++\sync2api_fm_plugin\temp\debug\fmplugin.tlog\link.write.1.tlog
y:\projects\c++\sync2api_fm_plugin\temp\debug\fmplugin.tlog\rc.command.1.tlog
y:\projects\c++\sync2api_fm_plugin\temp\debug\fmplugin.tlog\rc.read.1.tlog
y:\projects\c++\sync2api_fm_plugin\temp\debug\fmplugin.tlog\rc.write.1.tlog
